<?xml version="1.0" encoding="UTF-8"?>
<!-- Generated by org.testng.reporters.JUnitXMLReporter -->
<testsuite ignored="0" hostname="DurgaPrasad-DELL" failures="0" tests="4" name="Add Customer Test" time="13.234" errors="0" timestamp="2021-08-04T20:09:25 IST">
  <testcase classname="com.w2a.testcases.AddCustomerTest" name="addCustomerTest" time="4.479"/>
  <testcase classname="com.w2a.testcases.AddCustomerTest" name="addCustomerTest" time="0.001">
    <skipped/>
  </testcase> <!-- addCustomerTest -->
  <testcase classname="com.w2a.testcases.AddCustomerTest" name="addCustomerTest" time="4.245"/>
  <testcase classname="com.w2a.testcases.AddCustomerTest" name="addCustomerTest" time="4.237"/>
</testsuite> <!-- Add Customer Test -->
