<?xml version="1.0" encoding="UTF-8"?>
<!-- Generated by org.testng.reporters.JUnitXMLReporter -->
<testsuite ignored="0" hostname="DurgaPrasad-DELL" failures="0" tests="4" name="Add Customer Test" time="13.76" errors="0" timestamp="2021-08-04T20:08:38 IST">
  <testcase classname="com.w2a.testcases.AddCustomerTest" name="addCustomerTest" time="5.033"/>
  <testcase classname="com.w2a.testcases.AddCustomerTest" name="addCustomerTest" time="0.001">
    <skipped/>
  </testcase> <!-- addCustomerTest -->
  <testcase classname="com.w2a.testcases.AddCustomerTest" name="addCustomerTest" time="4.246"/>
  <testcase classname="com.w2a.testcases.AddCustomerTest" name="addCustomerTest" time="4.174"/>
</testsuite> <!-- Add Customer Test -->
